<?xml version="1.0" encoding="UTF-8"?>
<!-- Generated by org.testng.reporters.JUnitReportReporter -->
<testsuite hostname="Vidurs-MBP.ht.home" failures="0" tests="1" name="TC002_ValidateHomePage" time="3.495" errors="0" timestamp="2022-02-04T13:06:42 EST" skipped="0">
  <testcase classname="TC002_ValidateHomePage" name="TC002" time="3.495"/>
  <system-out/>
</testsuite> <!-- TC002_ValidateHomePage -->
