<?xml version="1.0" encoding="UTF-8"?>
<!-- Generated by org.testng.reporters.JUnitReportReporter -->
<testsuite hostname="Vidurs-MBP.ht.home" failures="0" tests="2" name="TC1" time="12.011" errors="0" timestamp="2022-01-29T20:42:57 EST" skipped="0">
  <testcase classname="TC1" name="basePage" time="3.887"/>
  <system-out/>
  <testcase classname="TC1" name="basePage" time="8.124"/>
  <system-out/>
</testsuite> <!-- TC1 -->
