<?xml version="1.0" encoding="UTF-8"?>
<!-- Generated by org.testng.reporters.JUnitReportReporter -->
<testsuite hostname="Vidurs-MBP.ht.home" failures="0" tests="1" name="TC005_AllyTest" time="4.371" errors="0" timestamp="2022-02-09T18:28:03 EST" skipped="0">
  <testcase classname="TC005_AllyTest" name="TC005_AlleyTest" time="4.371"/>
  <system-out/>
</testsuite> <!-- TC005_AllyTest -->
