<?xml version="1.0" encoding="UTF-8"?>
<!-- Generated by org.testng.reporters.JUnitReportReporter -->
<testsuite hostname="Vidurs-MBP.ht.home" failures="0" tests="1" name="Practice" time="3.991" errors="0" timestamp="2022-01-29T19:32:11 EST" skipped="0">
  <testcase classname="Practice" name="basePage" time="3.991"/>
  <system-out/>
</testsuite> <!-- Practice -->
