<?xml version="1.0" encoding="UTF-8"?>
<!-- Generated by org.testng.reporters.JUnitReportReporter -->
<testsuite hostname="Vidurs-MBP.ht.home" failures="0" tests="1" name="TC003_AddItemsToCart" time="14.837" errors="0" timestamp="2022-01-30T13:00:48 EST" skipped="0">
  <testcase classname="TC003_AddItemsToCart" name="TC001" time="14.837"/>
  <system-out/>
</testsuite> <!-- TC003_AddItemsToCart -->
