<?xml version="1.0" encoding="UTF-8"?>
<!-- Generated by org.testng.reporters.JUnitReportReporter -->
<testsuite hostname="Vidurs-MBP.ht.home" failures="0" tests="6" name="testNG.FirstTestNG" time="0.020" errors="0" timestamp="2022-01-21T13:24:11 EST" skipped="0">
  <testcase classname="testNG.FirstTestNG" name="Demo_2" time="0.001"/>
  <system-out/>
  <testcase classname="testNG.FirstTestNG" name="Demo_20" time="0.002"/>
  <system-out/>
  <testcase classname="testNG.FirstTestNG" name="Demo_Login" time="0.001"/>
  <system-out/>
  <testcase classname="testNG.FirstTestNG" name="Demo_20" time="0.001"/>
  <system-out/>
  <testcase classname="testNG.FirstTestNG" name="Demo_2" time="0.013"/>
  <system-out/>
  <testcase classname="testNG.FirstTestNG" name="Demo_Login" time="0.002"/>
  <system-out/>
</testsuite> <!-- testNG.FirstTestNG -->
