<?xml version="1.0" encoding="UTF-8"?>
<!-- Generated by org.testng.reporters.JUnitReportReporter -->
<testsuite hostname="Vidurs-MBP.ht.home" failures="0" tests="1" name="TC004_PlaceOrder" time="5.520" errors="0" timestamp="2022-02-04T13:08:06 EST" skipped="0">
  <testcase classname="TC004_PlaceOrder" name="TC004" time="5.520"/>
  <system-out/>
</testsuite> <!-- TC004_PlaceOrder -->
